<?xml version="1.0" encoding="UTF-8"?>
<!-- Generated by org.testng.reporters.JUnitXMLReporter -->
<testsuite ignored="0" hostname="KARNA" failures="2" tests="10" name="Test" time="0.336" errors="0" timestamp="2024-02-27T10:18:33 IST">
  <testcase classname="Listner.classA" name="At1" time="0.129">
    <failure type="org.testng.internal.thread.ThreadTimeoutException" message="Method Listner.classA.At1() didn&amp;apos;t finish within the time-out 100">
      <![CDATA[org.testng.internal.thread.ThreadTimeoutException: Method Listner.classA.At1() didn't finish within the time-out 100
at java.base@17.0.4.1/java.lang.Thread.sleep(Native Method)
at app//Listner.classA.At1(classA.java:16)
at java.base@17.0.4.1/java.util.concurrent.FutureTask.run(FutureTask.java:264)
at java.base@17.0.4.1/java.util.concurrent.ThreadPoolExecutor.runWorker(ThreadPoolExecutor.java:1136)
at java.base@17.0.4.1/java.util.concurrent.ThreadPoolExecutor$Worker.run(ThreadPoolExecutor.java:635)
at java.base@17.0.4.1/java.lang.Thread.run(Thread.java:833)
... Removed 8 stack frames]]>
    </failure>
  </testcase> <!-- At1 -->
  <testcase classname="Listner.classA" name="At2" time="0.006">
    <failure type="java.lang.AssertionError" message="expected:&amp;lt;main&amp;gt; but was:&amp;lt;null&amp;gt;">
      <![CDATA[java.lang.AssertionError: expected:<main> but was:<null>
at Listner.classA.At2(classA.java:26)
at java.base/java.util.ArrayList.forEach(ArrayList.java:1511)
... Removed 29 stack frames]]>
    </failure>
  </testcase> <!-- At2 -->
  <testcase classname="Listner.classA" name="At3" time="0.001"/>
  <testcase classname="Listner.classA" name="At4" time="0.004">
    <skipped/>
  </testcase> <!-- At4 -->
  <testcase classname="Listner.classB" name="Bt1" time="0.005"/>
  <testcase classname="Listner.classB" name="Bt2" time="0.006"/>
  <testcase classname="Listner.classB" name="Bt3" time="0.012"/>
  <testcase classname="Listner.classC" name="Ct1" time="0.002"/>
  <testcase classname="Listner.classC" name="Ct2" time="0.001"/>
  <testcase classname="Listner.classC" name="Ct3" time="0.002"/>
</testsuite> <!-- Test -->
