<?xml version="1.0" encoding="UTF-8"?>
<testng-results ignored="0" total="1" passed="1" failed="0" skipped="0">
  <reporter-output>
  </reporter-output>
  <suite started-at="2024-02-27T14:09:18 IST" name="Default suite" finished-at="2024-02-27T14:09:30 IST" duration-ms="12321">
    <groups>
    </groups>
    <test started-at="2024-02-27T14:09:18 IST" name="Default test" finished-at="2024-02-27T14:09:30 IST" duration-ms="12321">
      <class name="DataDriven.WriteExcel">
        <test-method signature="fblogin()[pri:0, instance:DataDriven.WriteExcel@dd8ba08]" started-at="2024-02-27T14:09:18 IST" name="fblogin" finished-at="2024-02-27T14:09:30 IST" duration-ms="12192" status="PASS">
          <reporter-output>
          </reporter-output>
        </test-method> <!-- fblogin -->
      </class> <!-- DataDriven.WriteExcel -->
    </test> <!-- Default test -->
  </suite> <!-- Default suite -->
</testng-results>
